# JRE version: Java(TM) SE Runtime Environment (17.0.1+12) (build 17.0.1+12-LTS-39)
# Java VM: Java HotSpot(TM) 64-Bit Server VM (17.0.1+12-LTS-39, mixed mode, sharing, tiered, compressed oops, compressed class ptrs, g1 gc, windows-amd64)
GC Precious Log:
 CPUs: 8 total, 8 available
 Memory: 7914M
 Large Page Support: Disabled
 NUMA Support: Disabled
 Compressed Oops: Enabled (32-bit)
 Heap Region Size: 1M
 Heap Min Capacity: 8M
 Heap Initial Capacity: 124M
 Heap Max Capacity: 1980M
 Pre-touch: Disabled
 Parallel Workers: 8
 Concurrent Workers: 2
 Concurrent Refinement Workers: 8
 Periodic GC: Disabled
Heap:
 garbage-first heap   total 126976K, used 18756K [0x0000000084400000, 0x0000000100000000)
  region size 1024K, 14 young (14336K), 5 survivors (5120K)
 Metaspace       used 21164K, committed 21440K, reserved 1073152K
  class space    used 2244K, committed 2368K, reserved 1048576K
GC Heap History (8 events):
Event: 0.917 GC heap before
{Heap before GC invocations=0 (full 0):
 garbage-first heap   total 126976K, used 22528K [0x0000000084400000, 0x0000000100000000)
  region size 1024K, 23 young (23552K), 0 survivors (0K)
 Metaspace       used 14678K, committed 14912K, reserved 1064960K
  class space    used 1666K, committed 1792K, reserved 1048576K
}
Event: 0.924 GC heap after
{Heap after GC invocations=1 (full 0):
 garbage-first heap   total 126976K, used 5152K [0x0000000084400000, 0x0000000100000000)
  region size 1024K, 3 young (3072K), 3 survivors (3072K)
 Metaspace       used 14678K, committed 14912K, reserved 1064960K
  class space    used 1666K, committed 1792K, reserved 1048576K
}
Event: 2.255 GC heap before
{Heap before GC invocations=1 (full 0):
 garbage-first heap   total 126976K, used 29728K [0x0000000084400000, 0x0000000100000000)
  region size 1024K, 26 young (26624K), 3 survivors (3072K)
 Metaspace       used 19778K, committed 19968K, reserved 1073152K
  class space    used 2222K, committed 2304K, reserved 1048576K
}
Event: 2.264 GC heap after
{Heap after GC invocations=2 (full 0):
 garbage-first heap   total 126976K, used 8948K [0x0000000084400000, 0x0000000100000000)
  region size 1024K, 3 young (3072K), 3 survivors (3072K)
 Metaspace       used 19778K, committed 19968K, reserved 1073152K
  class space    used 2222K, committed 2304K, reserved 1048576K
}
Event: 13.392 GC heap before
{Heap before GC invocations=2 (full 0):
 garbage-first heap   total 126976K, used 58100K [0x0000000084400000, 0x0000000100000000)
  region size 1024K, 51 young (52224K), 3 survivors (3072K)
 Metaspace       used 20774K, committed 21056K, reserved 1073152K
  class space    used 2244K, committed 2368K, reserved 1048576K
}
Event: 13.401 GC heap after
{Heap after GC invocations=3 (full 0):
 garbage-first heap   total 126976K, used 9784K [0x0000000084400000, 0x0000000100000000)
  region size 1024K, 4 young (4096K), 4 survivors (4096K)
 Metaspace       used 20774K, committed 21056K, reserved 1073152K
  class space    used 2244K, committed 2368K, reserved 1048576K
}
Event: 29.683 GC heap before
{Heap before GC invocations=3 (full 0):
 garbage-first heap   total 126976K, used 81464K [0x0000000084400000, 0x0000000100000000)
  region size 1024K, 74 young (75776K), 4 survivors (4096K)
 Metaspace       used 21078K, committed 21312K, reserved 1073152K
  class space    used 2244K, committed 2368K, reserved 1048576K
}
Event: 29.695 GC heap after
{Heap after GC invocations=4 (full 0):
 garbage-first heap   total 126976K, used 10564K [0x0000000084400000, 0x0000000100000000)
  region size 1024K, 5 young (5120K), 5 survivors (5120K)
 Metaspace       used 21078K, committed 21312K, reserved 1073152K
  class space    used 2244K, committed 2368K, reserved 1048576K
}

