# JRE version: Java(TM) SE Runtime Environment (17.0.1+12) (build 17.0.1+12-LTS-39)
# Java VM: Java HotSpot(TM) 64-Bit Server VM (17.0.1+12-LTS-39, mixed mode, sharing, tiered, compressed oops, compressed class ptrs, g1 gc, windows-amd64)
GC Precious Log:
 CPUs: 8 total, 8 available
 Memory: 7914M
 Large Page Support: Disabled
 NUMA Support: Disabled
 Compressed Oops: Enabled (32-bit)
 Heap Region Size: 1M
 Heap Min Capacity: 8M
 Heap Initial Capacity: 124M
 Heap Max Capacity: 1980M
 Pre-touch: Disabled
 Parallel Workers: 8
 Concurrent Workers: 2
 Concurrent Refinement Workers: 8
 Periodic GC: Disabled
Heap:
 garbage-first heap   total 40960K, used 17688K [0x0000000084400000, 0x0000000100000000)
  region size 1024K, 9 young (9216K), 1 survivors (1024K)
 Metaspace       used 23524K, committed 23808K, reserved 1073152K
  class space    used 2417K, committed 2560K, reserved 1048576K
GC Heap History (20 events):
Event: 120.398 GC heap before
{Heap before GC invocations=27 (full 0):
 garbage-first heap   total 40960K, used 33976K [0x0000000084400000, 0x0000000100000000)
  region size 1024K, 24 young (24576K), 1 survivors (1024K)
 Metaspace       used 23243K, committed 23552K, reserved 1073152K
  class space    used 2399K, committed 2560K, reserved 1048576K
}
Event: 120.399 GC heap after
{Heap after GC invocations=28 (full 0):
 garbage-first heap   total 40960K, used 10440K [0x0000000084400000, 0x0000000100000000)
  region size 1024K, 1 young (1024K), 1 survivors (1024K)
 Metaspace       used 23243K, committed 23552K, reserved 1073152K
  class space    used 2399K, committed 2560K, reserved 1048576K
}
Event: 126.455 GC heap before
{Heap before GC invocations=28 (full 0):
 garbage-first heap   total 40960K, used 33992K [0x0000000084400000, 0x0000000100000000)
  region size 1024K, 24 young (24576K), 1 survivors (1024K)
 Metaspace       used 23278K, committed 23552K, reserved 1073152K
  class space    used 2399K, committed 2560K, reserved 1048576K
}
Event: 126.456 GC heap after
{Heap after GC invocations=29 (full 0):
 garbage-first heap   total 40960K, used 10460K [0x0000000084400000, 0x0000000100000000)
  region size 1024K, 1 young (1024K), 1 survivors (1024K)
 Metaspace       used 23278K, committed 23552K, reserved 1073152K
  class space    used 2399K, committed 2560K, reserved 1048576K
}
Event: 131.503 GC heap before
{Heap before GC invocations=29 (full 0):
 garbage-first heap   total 40960K, used 34012K [0x0000000084400000, 0x0000000100000000)
  region size 1024K, 24 young (24576K), 1 survivors (1024K)
 Metaspace       used 23288K, committed 23552K, reserved 1073152K
  class space    used 2399K, committed 2560K, reserved 1048576K
}
Event: 131.504 GC heap after
{Heap after GC invocations=30 (full 0):
 garbage-first heap   total 40960K, used 10420K [0x0000000084400000, 0x0000000100000000)
  region size 1024K, 1 young (1024K), 1 survivors (1024K)
 Metaspace       used 23288K, committed 23552K, reserved 1073152K
  class space    used 2399K, committed 2560K, reserved 1048576K
}
Event: 137.556 GC heap before
{Heap before GC invocations=30 (full 0):
 garbage-first heap   total 40960K, used 33972K [0x0000000084400000, 0x0000000100000000)
  region size 1024K, 24 young (24576K), 1 survivors (1024K)
 Metaspace       used 23314K, committed 23552K, reserved 1073152K
  class space    used 2399K, committed 2560K, reserved 1048576K
}
Event: 137.557 GC heap after
{Heap after GC invocations=31 (full 0):
 garbage-first heap   total 40960K, used 10461K [0x0000000084400000, 0x0000000100000000)
  region size 1024K, 1 young (1024K), 1 survivors (1024K)
 Metaspace       used 23314K, committed 23552K, reserved 1073152K
  class space    used 2399K, committed 2560K, reserved 1048576K
}
Event: 142.621 GC heap before
{Heap before GC invocations=31 (full 0):
 garbage-first heap   total 40960K, used 34013K [0x0000000084400000, 0x0000000100000000)
  region size 1024K, 24 young (24576K), 1 survivors (1024K)
 Metaspace       used 23322K, committed 23616K, reserved 1073152K
  class space    used 2399K, committed 2560K, reserved 1048576K
}
Event: 142.622 GC heap after
{Heap after GC invocations=32 (full 0):
 garbage-first heap   total 40960K, used 10462K [0x0000000084400000, 0x0000000100000000)
  region size 1024K, 1 young (1024K), 1 survivors (1024K)
 Metaspace       used 23322K, committed 23616K, reserved 1073152K
  class space    used 2399K, committed 2560K, reserved 1048576K
}
Event: 148.661 GC heap before
{Heap before GC invocations=32 (full 0):
 garbage-first heap   total 40960K, used 34014K [0x0000000084400000, 0x0000000100000000)
  region size 1024K, 24 young (24576K), 1 survivors (1024K)
 Metaspace       used 23326K, committed 23616K, reserved 1073152K
  class space    used 2399K, committed 2560K, reserved 1048576K
}
Event: 148.662 GC heap after
{Heap after GC invocations=33 (full 0):
 garbage-first heap   total 40960K, used 10469K [0x0000000084400000, 0x0000000100000000)
  region size 1024K, 1 young (1024K), 1 survivors (1024K)
 Metaspace       used 23326K, committed 23616K, reserved 1073152K
  class space    used 2399K, committed 2560K, reserved 1048576K
}
Event: 153.710 GC heap before
{Heap before GC invocations=33 (full 0):
 garbage-first heap   total 40960K, used 34021K [0x0000000084400000, 0x0000000100000000)
  region size 1024K, 24 young (24576K), 1 survivors (1024K)
 Metaspace       used 23328K, committed 23616K, reserved 1073152K
  class space    used 2399K, committed 2560K, reserved 1048576K
}
Event: 153.711 GC heap after
{Heap after GC invocations=34 (full 0):
 garbage-first heap   total 40960K, used 10466K [0x0000000084400000, 0x0000000100000000)
  region size 1024K, 1 young (1024K), 1 survivors (1024K)
 Metaspace       used 23328K, committed 23616K, reserved 1073152K
  class space    used 2399K, committed 2560K, reserved 1048576K
}
Event: 159.752 GC heap before
{Heap before GC invocations=34 (full 0):
 garbage-first heap   total 40960K, used 34018K [0x0000000084400000, 0x0000000100000000)
  region size 1024K, 24 young (24576K), 1 survivors (1024K)
 Metaspace       used 23341K, committed 23680K, reserved 1073152K
  class space    used 2399K, committed 2560K, reserved 1048576K
}
Event: 159.753 GC heap after
{Heap after GC invocations=35 (full 0):
 garbage-first heap   total 40960K, used 10491K [0x0000000084400000, 0x0000000100000000)
  region size 1024K, 1 young (1024K), 1 survivors (1024K)
 Metaspace       used 23341K, committed 23680K, reserved 1073152K
  class space    used 2399K, committed 2560K, reserved 1048576K
}
Event: 164.827 GC heap before
{Heap before GC invocations=35 (full 0):
 garbage-first heap   total 40960K, used 34043K [0x0000000084400000, 0x0000000100000000)
  region size 1024K, 24 young (24576K), 1 survivors (1024K)
 Metaspace       used 23395K, committed 23680K, reserved 1073152K
  class space    used 2399K, committed 2560K, reserved 1048576K
}
Event: 164.829 GC heap after
{Heap after GC invocations=36 (full 0):
 garbage-first heap   total 40960K, used 10481K [0x0000000084400000, 0x0000000100000000)
  region size 1024K, 1 young (1024K), 1 survivors (1024K)
 Metaspace       used 23395K, committed 23680K, reserved 1073152K
  class space    used 2399K, committed 2560K, reserved 1048576K
}
Event: 170.841 GC heap before
{Heap before GC invocations=36 (full 0):
 garbage-first heap   total 40960K, used 34033K [0x0000000084400000, 0x0000000100000000)
  region size 1024K, 24 young (24576K), 1 survivors (1024K)
 Metaspace       used 23405K, committed 23680K, reserved 1073152K
  class space    used 2399K, committed 2560K, reserved 1048576K
}
Event: 170.842 GC heap after
{Heap after GC invocations=37 (full 0):
 garbage-first heap   total 40960K, used 10520K [0x0000000084400000, 0x0000000100000000)
  region size 1024K, 1 young (1024K), 1 survivors (1024K)
 Metaspace       used 23405K, committed 23680K, reserved 1073152K
  class space    used 2399K, committed 2560K, reserved 1048576K
}

