# JRE version: Java(TM) SE Runtime Environment (17.0.1+12) (build 17.0.1+12-LTS-39)
# Java VM: Java HotSpot(TM) 64-Bit Server VM (17.0.1+12-LTS-39, mixed mode, sharing, tiered, compressed oops, compressed class ptrs, g1 gc, windows-amd64)
GC Precious Log:
 CPUs: 8 total, 8 available
 Memory: 7914M
 Large Page Support: Disabled
 NUMA Support: Disabled
 Compressed Oops: Enabled (32-bit)
 Heap Region Size: 1M
 Heap Min Capacity: 8M
 Heap Initial Capacity: 124M
 Heap Max Capacity: 1980M
 Pre-touch: Disabled
 Parallel Workers: 8
 Concurrent Workers: 2
 Concurrent Refinement Workers: 8
 Periodic GC: Disabled
Heap:
 garbage-first heap   total 45056K, used 17874K [0x0000000084400000, 0x0000000100000000)
  region size 1024K, 9 young (9216K), 1 survivors (1024K)
 Metaspace       used 23595K, committed 23872K, reserved 1073152K
  class space    used 2399K, committed 2560K, reserved 1048576K
GC Heap History (20 events):
Event: 222.668 GC heap before
{Heap before GC invocations=41 (full 0):
 garbage-first heap   total 45056K, used 35221K [0x0000000084400000, 0x0000000100000000)
  region size 1024K, 26 young (26624K), 1 survivors (1024K)
 Metaspace       used 23465K, committed 23744K, reserved 1073152K
  class space    used 2399K, committed 2560K, reserved 1048576K
}
Event: 222.669 GC heap after
{Heap after GC invocations=42 (full 0):
 garbage-first heap   total 45056K, used 10674K [0x0000000084400000, 0x0000000100000000)
  region size 1024K, 1 young (1024K), 1 survivors (1024K)
 Metaspace       used 23465K, committed 23744K, reserved 1073152K
  class space    used 2399K, committed 2560K, reserved 1048576K
}
Event: 228.719 GC heap before
{Heap before GC invocations=42 (full 0):
 garbage-first heap   total 45056K, used 36274K [0x0000000084400000, 0x0000000100000000)
  region size 1024K, 26 young (26624K), 1 survivors (1024K)
 Metaspace       used 23465K, committed 23744K, reserved 1073152K
  class space    used 2399K, committed 2560K, reserved 1048576K
}
Event: 228.721 GC heap after
{Heap after GC invocations=43 (full 0):
 garbage-first heap   total 45056K, used 10684K [0x0000000084400000, 0x0000000100000000)
  region size 1024K, 1 young (1024K), 1 survivors (1024K)
 Metaspace       used 23465K, committed 23744K, reserved 1073152K
  class space    used 2399K, committed 2560K, reserved 1048576K
}
Event: 234.762 GC heap before
{Heap before GC invocations=43 (full 0):
 garbage-first heap   total 45056K, used 35260K [0x0000000084400000, 0x0000000100000000)
  region size 1024K, 26 young (26624K), 1 survivors (1024K)
 Metaspace       used 23465K, committed 23744K, reserved 1073152K
  class space    used 2399K, committed 2560K, reserved 1048576K
}
Event: 234.763 GC heap after
{Heap after GC invocations=44 (full 0):
 garbage-first heap   total 45056K, used 10675K [0x0000000084400000, 0x0000000100000000)
  region size 1024K, 1 young (1024K), 1 survivors (1024K)
 Metaspace       used 23465K, committed 23744K, reserved 1073152K
  class space    used 2399K, committed 2560K, reserved 1048576K
}
Event: 240.811 GC heap before
{Heap before GC invocations=44 (full 0):
 garbage-first heap   total 45056K, used 36275K [0x0000000084400000, 0x0000000100000000)
  region size 1024K, 26 young (26624K), 1 survivors (1024K)
 Metaspace       used 23466K, committed 23744K, reserved 1073152K
  class space    used 2399K, committed 2560K, reserved 1048576K
}
Event: 240.812 GC heap after
{Heap after GC invocations=45 (full 0):
 garbage-first heap   total 45056K, used 10724K [0x0000000084400000, 0x0000000100000000)
  region size 1024K, 1 young (1024K), 1 survivors (1024K)
 Metaspace       used 23466K, committed 23744K, reserved 1073152K
  class space    used 2399K, committed 2560K, reserved 1048576K
}
Event: 246.864 GC heap before
{Heap before GC invocations=45 (full 0):
 garbage-first heap   total 45056K, used 35300K [0x0000000084400000, 0x0000000100000000)
  region size 1024K, 26 young (26624K), 1 survivors (1024K)
 Metaspace       used 23470K, committed 23744K, reserved 1073152K
  class space    used 2399K, committed 2560K, reserved 1048576K
}
Event: 246.865 GC heap after
{Heap after GC invocations=46 (full 0):
 garbage-first heap   total 45056K, used 10685K [0x0000000084400000, 0x0000000100000000)
  region size 1024K, 1 young (1024K), 1 survivors (1024K)
 Metaspace       used 23470K, committed 23744K, reserved 1073152K
  class space    used 2399K, committed 2560K, reserved 1048576K
}
Event: 252.914 GC heap before
{Heap before GC invocations=46 (full 0):
 garbage-first heap   total 45056K, used 35261K [0x0000000084400000, 0x0000000100000000)
  region size 1024K, 26 young (26624K), 1 survivors (1024K)
 Metaspace       used 23541K, committed 23872K, reserved 1073152K
  class space    used 2399K, committed 2560K, reserved 1048576K
}
Event: 252.916 GC heap after
{Heap after GC invocations=47 (full 0):
 garbage-first heap   total 45056K, used 10723K [0x0000000084400000, 0x0000000100000000)
  region size 1024K, 1 young (1024K), 1 survivors (1024K)
 Metaspace       used 23541K, committed 23872K, reserved 1073152K
  class space    used 2399K, committed 2560K, reserved 1048576K
}
Event: 258.972 GC heap before
{Heap before GC invocations=47 (full 0):
 garbage-first heap   total 45056K, used 35299K [0x0000000084400000, 0x0000000100000000)
  region size 1024K, 26 young (26624K), 1 survivors (1024K)
 Metaspace       used 23567K, committed 23872K, reserved 1073152K
  class space    used 2399K, committed 2560K, reserved 1048576K
}
Event: 258.973 GC heap after
{Heap after GC invocations=48 (full 0):
 garbage-first heap   total 45056K, used 10718K [0x0000000084400000, 0x0000000100000000)
  region size 1024K, 1 young (1024K), 1 survivors (1024K)
 Metaspace       used 23567K, committed 23872K, reserved 1073152K
  class space    used 2399K, committed 2560K, reserved 1048576K
}
Event: 265.019 GC heap before
{Heap before GC invocations=48 (full 0):
 garbage-first heap   total 45056K, used 36318K [0x0000000084400000, 0x0000000100000000)
  region size 1024K, 26 young (26624K), 1 survivors (1024K)
 Metaspace       used 23595K, committed 23872K, reserved 1073152K
  class space    used 2399K, committed 2560K, reserved 1048576K
}
Event: 265.020 GC heap after
{Heap after GC invocations=49 (full 0):
 garbage-first heap   total 45056K, used 10742K [0x0000000084400000, 0x0000000100000000)
  region size 1024K, 1 young (1024K), 1 survivors (1024K)
 Metaspace       used 23595K, committed 23872K, reserved 1073152K
  class space    used 2399K, committed 2560K, reserved 1048576K
}
Event: 271.075 GC heap before
{Heap before GC invocations=49 (full 0):
 garbage-first heap   total 45056K, used 36342K [0x0000000084400000, 0x0000000100000000)
  region size 1024K, 26 young (26624K), 1 survivors (1024K)
 Metaspace       used 23595K, committed 23872K, reserved 1073152K
  class space    used 2399K, committed 2560K, reserved 1048576K
}
Event: 271.077 GC heap after
{Heap after GC invocations=50 (full 0):
 garbage-first heap   total 45056K, used 10677K [0x0000000084400000, 0x0000000100000000)
  region size 1024K, 1 young (1024K), 1 survivors (1024K)
 Metaspace       used 23595K, committed 23872K, reserved 1073152K
  class space    used 2399K, committed 2560K, reserved 1048576K
}
Event: 278.118 GC heap before
{Heap before GC invocations=50 (full 0):
 garbage-first heap   total 45056K, used 35253K [0x0000000084400000, 0x0000000100000000)
  region size 1024K, 26 young (26624K), 1 survivors (1024K)
 Metaspace       used 23595K, committed 23872K, reserved 1073152K
  class space    used 2399K, committed 2560K, reserved 1048576K
}
Event: 278.118 GC heap after
{Heap after GC invocations=51 (full 0):
 garbage-first heap   total 45056K, used 10706K [0x0000000084400000, 0x0000000100000000)
  region size 1024K, 1 young (1024K), 1 survivors (1024K)
 Metaspace       used 23595K, committed 23872K, reserved 1073152K
  class space    used 2399K, committed 2560K, reserved 1048576K
}

